{"C:\\Users\\ASUS\\Downloads\\mobile_app\\mobile_app\\app\\_layout.tsx": {"path":"C:\\Users\\ASUS\\Downloads\\mobile_app\\mobile_app\\app\\_layout.tsx","statementMap":{"0":{"start":{"line":4,"column":2},"end":{"line":4,"column":19}}},"fnMap":{"0":{"name":"RootLayout","decl":{"start":{"line":3,"column":24},"end":{"line":3,"column":34}},"loc":{"start":{"line":3,"column":37},"end":{"line":5,"column":1}},"line":3}},"branchMap":{},"s":{"0":0},"f":{"0":0},"b":{}}
,"C:\\Users\\ASUS\\Downloads\\mobile_app\\mobile_app\\app\\home.tsx": {"path":"C:\\Users\\ASUS\\Downloads\\mobile_app\\mobile_app\\app\\home.tsx","statementMap":{"0":{"start":{"line":15,"column":32},"end":{"line":43,"column":1}},"1":{"start":{"line":46,"column":2},"end":{"line":125,"column":4}},"2":{"start":{"line":86,"column":10},"end":{"line":101,"column":17}},"3":{"start":{"line":128,"column":15},"end":{"line":275,"column":2}}},"fnMap":{"0":{"name":"Home","decl":{"start":{"line":45,"column":24},"end":{"line":45,"column":28}},"loc":{"start":{"line":45,"column":31},"end":{"line":126,"column":1}},"line":45},"1":{"name":"(anonymous_1)","decl":{"start":{"line":85,"column":22},"end":{"line":85,"column":23}},"loc":{"start":{"line":86,"column":10},"end":{"line":101,"column":17}},"line":86}},"branchMap":{},"s":{"0":1,"1":3,"2":9,"3":1},"f":{"0":3,"1":9},"b":{},"_coverageSchema":"1a1c01bbd47fc00a2c39e90264f33305004495a9","hash":"f29b2bd2966d4fd3a7111047855daa4eadf5044a"}
,"C:\\Users\\ASUS\\Downloads\\mobile_app\\mobile_app\\app\\index.tsx": {"path":"C:\\Users\\ASUS\\Downloads\\mobile_app\\mobile_app\\app\\index.tsx","statementMap":{"0":{"start":{"line":6,"column":23},"end":{"line":6,"column":37}},"1":{"start":{"line":9,"column":17},"end":{"line":9,"column":28}},"2":{"start":{"line":10,"column":36},"end":{"line":10,"column":50}},"3":{"start":{"line":12,"column":2},"end":{"line":33,"column":9}},"4":{"start":{"line":13,"column":34},"end":{"line":30,"column":5}},"5":{"start":{"line":14,"column":6},"end":{"line":29,"column":7}},"6":{"start":{"line":16,"column":29},"end":{"line":16,"column":71}},"7":{"start":{"line":18,"column":8},"end":{"line":23,"column":9}},"8":{"start":{"line":20,"column":10},"end":{"line":20,"column":37}},"9":{"start":{"line":22,"column":10},"end":{"line":22,"column":40}},"10":{"start":{"line":25,"column":8},"end":{"line":25,"column":48}},"11":{"start":{"line":26,"column":8},"end":{"line":26,"column":38}},"12":{"start":{"line":28,"column":8},"end":{"line":28,"column":28}},"13":{"start":{"line":32,"column":4},"end":{"line":32,"column":28}},"14":{"start":{"line":35,"column":2},"end":{"line":43,"column":3}},"15":{"start":{"line":36,"column":4},"end":{"line":42,"column":6}},"16":{"start":{"line":45,"column":2},"end":{"line":45,"column":14}},"17":{"start":{"line":48,"column":15},"end":{"line":55,"column":2}}},"fnMap":{"0":{"name":"Index","decl":{"start":{"line":8,"column":24},"end":{"line":8,"column":29}},"loc":{"start":{"line":8,"column":32},"end":{"line":46,"column":1}},"line":8},"1":{"name":"(anonymous_1)","decl":{"start":{"line":12,"column":12},"end":{"line":12,"column":13}},"loc":{"start":{"line":12,"column":18},"end":{"line":33,"column":3}},"line":12},"2":{"name":"(anonymous_2)","decl":{"start":{"line":13,"column":34},"end":{"line":13,"column":35}},"loc":{"start":{"line":13,"column":46},"end":{"line":30,"column":5}},"line":13}},"branchMap":{"0":{"loc":{"start":{"line":18,"column":8},"end":{"line":23,"column":9}},"type":"if","locations":[{"start":{"line":18,"column":8},"end":{"line":23,"column":9}},{"start":{"line":21,"column":15},"end":{"line":23,"column":9}}],"line":18},"1":{"loc":{"start":{"line":35,"column":2},"end":{"line":43,"column":3}},"type":"if","locations":[{"start":{"line":35,"column":2},"end":{"line":43,"column":3}},{"start":{},"end":{}}],"line":35}},"s":{"0":0,"1":0,"2":0,"3":0,"4":0,"5":0,"6":0,"7":0,"8":0,"9":0,"10":0,"11":0,"12":0,"13":0,"14":0,"15":0,"16":0,"17":0},"f":{"0":0,"1":0,"2":0},"b":{"0":[0,0],"1":[0,0]}}
,"C:\\Users\\ASUS\\Downloads\\mobile_app\\mobile_app\\app\\login.tsx": {"path":"C:\\Users\\ASUS\\Downloads\\mobile_app\\mobile_app\\app\\login.tsx","statementMap":{"0":{"start":{"line":6,"column":28},"end":{"line":6,"column":40}},"1":{"start":{"line":7,"column":34},"end":{"line":7,"column":46}},"2":{"start":{"line":9,"column":17},"end":{"line":18,"column":3}},"3":{"start":{"line":10,"column":4},"end":{"line":13,"column":5}},"4":{"start":{"line":11,"column":6},"end":{"line":11,"column":72}},"5":{"start":{"line":12,"column":6},"end":{"line":12,"column":13}},"6":{"start":{"line":17,"column":4},"end":{"line":17,"column":25}},"7":{"start":{"line":20,"column":2},"end":{"line":77,"column":4}},"8":{"start":{"line":80,"column":15},"end":{"line":159,"column":2}}},"fnMap":{"0":{"name":"Login","decl":{"start":{"line":5,"column":24},"end":{"line":5,"column":29}},"loc":{"start":{"line":5,"column":32},"end":{"line":78,"column":1}},"line":5},"1":{"name":"(anonymous_1)","decl":{"start":{"line":9,"column":17},"end":{"line":9,"column":18}},"loc":{"start":{"line":9,"column":23},"end":{"line":18,"column":3}},"line":9}},"branchMap":{"0":{"loc":{"start":{"line":10,"column":4},"end":{"line":13,"column":5}},"type":"if","locations":[{"start":{"line":10,"column":4},"end":{"line":13,"column":5}},{"start":{},"end":{}}],"line":10},"1":{"loc":{"start":{"line":10,"column":8},"end":{"line":10,"column":27}},"type":"binary-expr","locations":[{"start":{"line":10,"column":8},"end":{"line":10,"column":14}},{"start":{"line":10,"column":18},"end":{"line":10,"column":27}}],"line":10}},"s":{"0":0,"1":0,"2":0,"3":0,"4":0,"5":0,"6":0,"7":0,"8":0},"f":{"0":0,"1":0},"b":{"0":[0,0],"1":[0,0]}}
,"C:\\Users\\ASUS\\Downloads\\mobile_app\\mobile_app\\app\\onboarding.tsx": {"path":"C:\\Users\\ASUS\\Downloads\\mobile_app\\mobile_app\\app\\onboarding.tsx","statementMap":{"0":{"start":{"line":7,"column":23},"end":{"line":7,"column":37}},"1":{"start":{"line":11,"column":35},"end":{"line":20,"column":3}},"2":{"start":{"line":13,"column":4},"end":{"line":17,"column":5}},"3":{"start":{"line":14,"column":8},"end":{"line":14,"column":59}},"4":{"start":{"line":16,"column":8},"end":{"line":16,"column":62}},"5":{"start":{"line":19,"column":4},"end":{"line":19,"column":31}},"6":{"start":{"line":22,"column":2},"end":{"line":27,"column":4}},"7":{"start":{"line":30,"column":15},"end":{"line":32,"column":2}}},"fnMap":{"0":{"name":"OnboardingScreen","decl":{"start":{"line":9,"column":24},"end":{"line":9,"column":40}},"loc":{"start":{"line":9,"column":43},"end":{"line":28,"column":1}},"line":9},"1":{"name":"(anonymous_1)","decl":{"start":{"line":11,"column":35},"end":{"line":11,"column":36}},"loc":{"start":{"line":11,"column":47},"end":{"line":20,"column":3}},"line":11}},"branchMap":{},"s":{"0":1,"1":3,"2":2,"3":2,"4":1,"5":2,"6":3,"7":1},"f":{"0":3,"1":2},"b":{},"_coverageSchema":"1a1c01bbd47fc00a2c39e90264f33305004495a9","hash":"3dc877eee6512768769b3de9fdd2a4091c6e4fec"}
,"C:\\Users\\ASUS\\Downloads\\mobile_app\\mobile_app\\app\\welcome.tsx": {"path":"C:\\Users\\ASUS\\Downloads\\mobile_app\\mobile_app\\app\\welcome.tsx","statementMap":{"0":{"start":{"line":6,"column":26},"end":{"line":6,"column":50}},"1":{"start":{"line":9,"column":2},"end":{"line":15,"column":9}},"2":{"start":{"line":10,"column":18},"end":{"line":12,"column":12}},"3":{"start":{"line":11,"column":6},"end":{"line":11,"column":31}},"4":{"start":{"line":14,"column":4},"end":{"line":14,"column":37}},"5":{"start":{"line":14,"column":17},"end":{"line":14,"column":36}},"6":{"start":{"line":17,"column":28},"end":{"line":19,"column":3}},"7":{"start":{"line":18,"column":4},"end":{"line":18,"column":29}},"8":{"start":{"line":21,"column":2},"end":{"line":35,"column":4}},"9":{"start":{"line":38,"column":15},"end":{"line":46,"column":2}}},"fnMap":{"0":{"name":"Welcome","decl":{"start":{"line":8,"column":24},"end":{"line":8,"column":31}},"loc":{"start":{"line":8,"column":34},"end":{"line":36,"column":1}},"line":8},"1":{"name":"(anonymous_1)","decl":{"start":{"line":9,"column":12},"end":{"line":9,"column":13}},"loc":{"start":{"line":9,"column":18},"end":{"line":15,"column":3}},"line":9},"2":{"name":"(anonymous_2)","decl":{"start":{"line":10,"column":29},"end":{"line":10,"column":30}},"loc":{"start":{"line":10,"column":35},"end":{"line":12,"column":5}},"line":10},"3":{"name":"(anonymous_3)","decl":{"start":{"line":14,"column":11},"end":{"line":14,"column":12}},"loc":{"start":{"line":14,"column":17},"end":{"line":14,"column":36}},"line":14},"4":{"name":"(anonymous_4)","decl":{"start":{"line":17,"column":28},"end":{"line":17,"column":29}},"loc":{"start":{"line":17,"column":34},"end":{"line":19,"column":3}},"line":17}},"branchMap":{},"s":{"0":0,"1":0,"2":0,"3":0,"4":0,"5":0,"6":0,"7":0,"8":0,"9":0},"f":{"0":0,"1":0,"2":0,"3":0,"4":0},"b":{}}
,"C:\\Users\\ASUS\\Downloads\\mobile_app\\mobile_app\\component\\Onboarding.js": {"path":"C:\\Users\\ASUS\\Downloads\\mobile_app\\mobile_app\\component\\Onboarding.js","statementMap":{"0":{"start":{"line":7,"column":19},"end":{"line":69,"column":1}},"1":{"start":{"line":8,"column":52},"end":{"line":8,"column":63}},"2":{"start":{"line":9,"column":18},"end":{"line":9,"column":55}},"3":{"start":{"line":10,"column":20},"end":{"line":10,"column":32}},"4":{"start":{"line":11,"column":31},"end":{"line":15,"column":4}},"5":{"start":{"line":12,"column":4},"end":{"line":14,"column":5}},"6":{"start":{"line":13,"column":6},"end":{"line":13,"column":51}},"7":{"start":{"line":16,"column":21},"end":{"line":16,"column":67}},"8":{"start":{"line":18,"column":2},"end":{"line":68,"column":3}},"9":{"start":{"line":23,"column":32},"end":{"line":23,"column":63}},"10":{"start":{"line":28,"column":29},"end":{"line":28,"column":33}},"11":{"start":{"line":42,"column":12},"end":{"line":42,"column":101}},"12":{"start":{"line":54,"column":12},"end":{"line":58,"column":13}},"13":{"start":{"line":55,"column":14},"end":{"line":55,"column":81}},"14":{"start":{"line":57,"column":14},"end":{"line":57,"column":27}},"15":{"start":{"line":70,"column":15},"end":{"line":122,"column":2}}},"fnMap":{"0":{"name":"(anonymous_0)","decl":{"start":{"line":7,"column":19},"end":{"line":7,"column":20}},"loc":{"start":{"line":7,"column":39},"end":{"line":69,"column":1}},"line":7},"1":{"name":"(anonymous_1)","decl":{"start":{"line":11,"column":38},"end":{"line":11,"column":39}},"loc":{"start":{"line":11,"column":59},"end":{"line":15,"column":3}},"line":11},"2":{"name":"(anonymous_2)","decl":{"start":{"line":23,"column":20},"end":{"line":23,"column":21}},"loc":{"start":{"line":23,"column":32},"end":{"line":23,"column":63}},"line":23},"3":{"name":"(anonymous_3)","decl":{"start":{"line":28,"column":22},"end":{"line":28,"column":23}},"loc":{"start":{"line":28,"column":29},"end":{"line":28,"column":33}},"line":28},"4":{"name":"(anonymous_4)","decl":{"start":{"line":41,"column":22},"end":{"line":41,"column":23}},"loc":{"start":{"line":42,"column":12},"end":{"line":42,"column":101}},"line":42},"5":{"name":"(anonymous_5)","decl":{"start":{"line":53,"column":19},"end":{"line":53,"column":20}},"loc":{"start":{"line":53,"column":25},"end":{"line":59,"column":11}},"line":53}},"branchMap":{"0":{"loc":{"start":{"line":12,"column":4},"end":{"line":14,"column":5}},"type":"if","locations":[{"start":{"line":12,"column":4},"end":{"line":14,"column":5}},{"start":{},"end":{}}],"line":12},"1":{"loc":{"start":{"line":12,"column":8},"end":{"line":12,"column":49}},"type":"binary-expr","locations":[{"start":{"line":12,"column":8},"end":{"line":12,"column":21}},{"start":{"line":12,"column":25},"end":{"line":12,"column":49}}],"line":12},"2":{"loc":{"start":{"line":42,"column":49},"end":{"line":42,"column":96}},"type":"binary-expr","locations":[{"start":{"line":42,"column":49},"end":{"line":42,"column":76}},{"start":{"line":42,"column":80},"end":{"line":42,"column":96}}],"line":42},"3":{"loc":{"start":{"line":54,"column":12},"end":{"line":58,"column":13}},"type":"if","locations":[{"start":{"line":54,"column":12},"end":{"line":58,"column":13}},{"start":{"line":56,"column":19},"end":{"line":58,"column":13}}],"line":54},"4":{"loc":{"start":{"line":63,"column":40},"end":{"line":63,"column":104}},"type":"cond-expr","locations":[{"start":{"line":63,"column":82},"end":{"line":63,"column":95}},{"start":{"line":63,"column":98},"end":{"line":63,"column":104}}],"line":63}},"s":{"0":0,"1":0,"2":0,"3":0,"4":0,"5":0,"6":0,"7":0,"8":0,"9":0,"10":0,"11":0,"12":0,"13":0,"14":0,"15":0},"f":{"0":0,"1":0,"2":0,"3":0,"4":0,"5":0},"b":{"0":[0,0],"1":[0,0],"2":[0,0],"3":[0,0],"4":[0,0]}}
,"C:\\Users\\ASUS\\Downloads\\mobile_app\\mobile_app\\component\\OnboardingItem.js": {"path":"C:\\Users\\ASUS\\Downloads\\mobile_app\\mobile_app\\component\\OnboardingItem.js","statementMap":{"0":{"start":{"line":5,"column":26},"end":{"line":5,"column":50}},"1":{"start":{"line":8,"column":2},"end":{"line":19,"column":4}},"2":{"start":{"line":22,"column":15},"end":{"line":53,"column":2}}},"fnMap":{"0":{"name":"OnboardingItems","decl":{"start":{"line":7,"column":24},"end":{"line":7,"column":39}},"loc":{"start":{"line":7,"column":50},"end":{"line":20,"column":1}},"line":7}},"branchMap":{},"s":{"0":0,"1":0,"2":0},"f":{"0":0},"b":{}}
,"C:\\Users\\ASUS\\Downloads\\mobile_app\\mobile_app\\component\\slides.js": {"path":"C:\\Users\\ASUS\\Downloads\\mobile_app\\mobile_app\\component\\slides.js","statementMap":{"0":{"start":{"line":1,"column":15},"end":{"line":20,"column":1}}},"fnMap":{},"branchMap":{},"s":{"0":0},"f":{},"b":{}}
}
