TN:
SF:app\_layout.tsx
FN:3,RootLayout
FNF:1
FNH:0
FNDA:0,RootLayout
DA:4,0
LF:1
LH:0
BRF:0
BRH:0
end_of_record
TN:
SF:app\home.tsx
FN:45,Home
FN:85,(anonymous_1)
FNF:2
FNH:2
FNDA:3,Home
FNDA:9,(anonymous_1)
DA:15,1
DA:46,3
DA:86,9
DA:128,1
LF:4
LH:4
BRF:0
BRH:0
end_of_record
TN:
SF:app\index.tsx
FN:8,Index
FN:12,(anonymous_1)
FN:13,(anonymous_2)
FNF:3
FNH:0
FNDA:0,Index
FNDA:0,(anonymous_1)
FNDA:0,(anonymous_2)
DA:6,0
DA:9,0
DA:10,0
DA:12,0
DA:13,0
DA:14,0
DA:16,0
DA:18,0
DA:20,0
DA:22,0
DA:25,0
DA:26,0
DA:28,0
DA:32,0
DA:35,0
DA:36,0
DA:45,0
DA:48,0
LF:18
LH:0
BRDA:18,0,0,0
BRDA:18,0,1,0
BRDA:35,1,0,0
BRDA:35,1,1,0
BRF:4
BRH:0
end_of_record
TN:
SF:app\login.tsx
FN:5,Login
FN:9,(anonymous_1)
FNF:2
FNH:0
FNDA:0,Login
FNDA:0,(anonymous_1)
DA:6,0
DA:7,0
DA:9,0
DA:10,0
DA:11,0
DA:12,0
DA:17,0
DA:20,0
DA:80,0
LF:9
LH:0
BRDA:10,0,0,0
BRDA:10,0,1,0
BRDA:10,1,0,0
BRDA:10,1,1,0
BRF:4
BRH:0
end_of_record
TN:
SF:app\onboarding.tsx
FN:9,OnboardingScreen
FN:11,(anonymous_1)
FNF:2
FNH:2
FNDA:3,OnboardingScreen
FNDA:2,(anonymous_1)
DA:7,1
DA:11,3
DA:13,2
DA:14,2
DA:16,1
DA:19,2
DA:22,3
DA:30,1
LF:8
LH:8
BRF:0
BRH:0
end_of_record
TN:
SF:app\welcome.tsx
FN:8,Welcome
FN:9,(anonymous_1)
FN:10,(anonymous_2)
FN:14,(anonymous_3)
FN:17,(anonymous_4)
FNF:5
FNH:0
FNDA:0,Welcome
FNDA:0,(anonymous_1)
FNDA:0,(anonymous_2)
FNDA:0,(anonymous_3)
FNDA:0,(anonymous_4)
DA:6,0
DA:9,0
DA:10,0
DA:11,0
DA:14,0
DA:17,0
DA:18,0
DA:21,0
DA:38,0
LF:9
LH:0
BRF:0
BRH:0
end_of_record
TN:
SF:component\Onboarding.js
FN:7,(anonymous_0)
FN:11,(anonymous_1)
FN:23,(anonymous_2)
FN:28,(anonymous_3)
FN:41,(anonymous_4)
FN:53,(anonymous_5)
FNF:6
FNH:0
FNDA:0,(anonymous_0)
FNDA:0,(anonymous_1)
FNDA:0,(anonymous_2)
FNDA:0,(anonymous_3)
FNDA:0,(anonymous_4)
FNDA:0,(anonymous_5)
DA:7,0
DA:8,0
DA:9,0
DA:10,0
DA:11,0
DA:12,0
DA:13,0
DA:16,0
DA:18,0
DA:23,0
DA:28,0
DA:42,0
DA:54,0
DA:55,0
DA:57,0
DA:70,0
LF:16
LH:0
BRDA:12,0,0,0
BRDA:12,0,1,0
BRDA:12,1,0,0
BRDA:12,1,1,0
BRDA:42,2,0,0
BRDA:42,2,1,0
BRDA:54,3,0,0
BRDA:54,3,1,0
BRDA:63,4,0,0
BRDA:63,4,1,0
BRF:10
BRH:0
end_of_record
TN:
SF:component\OnboardingItem.js
FN:7,OnboardingItems
FNF:1
FNH:0
FNDA:0,OnboardingItems
DA:5,0
DA:8,0
DA:22,0
LF:3
LH:0
BRF:0
BRH:0
end_of_record
TN:
SF:component\slides.js
FNF:0
FNH:0
DA:1,0
LF:1
LH:0
BRF:0
BRH:0
end_of_record
